2018-02-02 11:45:12,677 - domains - INFO - 没查到。。。。。
2018-02-02 11:45:13,554 - domains - INFO - 没查到。。。。。
2018-02-02 11:45:14,165 - domains - INFO - 没查到。。。。。
2018-02-02 11:48:23,231 - domains - INFO - 没查到。。。。。
2018-02-02 11:48:24,104 - domains - INFO - 没查到。。。。。
2018-02-02 11:48:24,716 - domains - INFO - 没查到。。。。。
2018-02-02 14:07:55,273 - domains - INFO - 没查到。。。。。
2018-02-02 14:07:56,139 - domains - INFO - 没查到。。。。。
2018-02-02 14:07:56,693 - domains - INFO - 没查到。。。。。
2018-02-02 14:10:42,865 - whois domains - INFO - 没查到 bigvyy.cn的有效信息.
2018-02-02 14:10:43,744 - whois domains - INFO - 没查到 bivyy.xyz的有效信息.
2018-02-02 14:10:44,588 - whois domains - INFO - 没查到 mi-idc.commiui.com的有效信息.
2018-02-02 14:27:46,941 - whois domains - INFO - 没查到 bigvyy.cn的有效信息.
2018-02-02 14:27:47,817 - whois domains - INFO - 没查到 bivyy.xyz的有效信息.
2018-02-02 14:27:53,397 - whois domains - INFO - 没查到 mi-idc.commiui.com的有效信息.
2018-02-02 15:49:41,839 - whois domains - INFO - 没查到 bigvyy.cn的有效信息.
2018-02-02 15:49:42,727 - whois domains - INFO - 没查到 bivyy.xyz的有效信息.
2018-02-02 15:49:43,207 - whois domains - INFO - 没查到 mi-idc.commiui.com的有效信息.
2018-02-02 16:21:06,683 - whois domains - INFO - 没查到 bigvyy.cn的有效信息.
2018-02-02 16:21:07,533 - whois domains - INFO - 没查到 bivyy.xyz的有效信息.
2018-02-02 16:21:08,094 - whois domains - INFO - 没查到 mi-idc.commiui.com的有效信息.
2018-02-02 17:42:13,375 - whois domains - INFO - 没查到 bigvyy.cn的有效信息.
2018-02-02 17:42:14,233 - whois domains - INFO - 没查到 bivyy.xyz的有效信息.
2018-02-02 17:42:14,798 - whois domains - INFO - 没查到 mi-idc.commiui.com的有效信息.
2018-02-02 22:12:26,357 - whois domains - INFO - 没查到 bigvyy.cn的有效信息.
2018-02-02 22:12:28,003 - whois domains - INFO - 没查到 bivyy.xyz的有效信息.
2018-02-02 22:12:30,463 - whois domains - INFO - 没查到 mi-idc.commiui.com的有效信息.
2018-02-04 10:44:00,445 - whois domains - INFO - 没查到 bigvyy.cn的有效信息.
2018-02-04 10:44:01,482 - whois domains - INFO - 没查到 bivyy.xyz的有效信息.
2018-02-04 10:44:02,501 - whois domains - INFO - 没查到 mi-idc.commiui.com的有效信息.
2018-02-04 10:44:10,472 - whois domains - INFO - 没查到 gaiay.net.cn的有效信息.
2018-02-04 10:45:54,622 - whois domains - INFO - 没查到 google.com.sgbigvyy.cn的有效信息.
2018-02-04 10:45:55,912 - whois domains - INFO - 没查到 bivyy.xyz的有效信息.
2018-02-04 10:45:56,660 - whois domains - INFO - 没查到 mi-idc.commiui.com的有效信息.
2018-02-04 10:45:58,548 - whois domains - INFO - 没查到 tjqonline.cn的有效信息.
2018-02-04 10:46:08,686 - whois domains - INFO - 没查到 x9m.cn的有效信息.
2018-02-04 10:46:10,180 - whois domains - INFO - 没查到 mi-ae.cn的有效信息.
2018-02-04 10:58:41,337 - whois domains - INFO - 没查到 bigvyy.cn的有效信息.
2018-02-04 10:58:42,291 - whois domains - INFO - 没查到 bivyy.xyz的有效信息.
2018-02-04 10:58:53,468 - whois domains - INFO - 没查到 mi-idc.commiui.com的有效信息.
