"2018-02-04 09:21:03,102 - montor_domain - INFO - lsa"
"2018-02-04 09:21:03,104 - montor_domain - INFO - [wraps started][param:('whois bivyy.cn',)]"
"2018-02-04 09:21:10,059 - montor_domain - INFO - [wraps started][param:('whois mi-idc.commiui.com',)]"
"2018-02-04 09:21:13,950 - montor_domain - INFO - [not match][domain:mi-idc.commiui.com]"
"2018-02-04 09:21:13,951 - montor_domain - INFO - [wraps started][param:('whois miliao.com',)]"
"2018-02-04 09:21:14,730 - montor_domain - INFO - [wraps started][param:('whois tjqonline.cn',)]"
"2018-02-04 09:21:14,877 - montor_domain - INFO - [wraps started][param:('whois xiaomi.tw',)]"
"2018-02-04 09:21:14,995 - montor_domain - INFO - [wraps started][param:('whois hada.me',)]"
"2018-02-04 09:21:15,438 - montor_domain - INFO - [wraps started][param:('whois wlimg.cn',)]"
"2018-02-04 09:21:19,967 - montor_domain - INFO - [wraps started][param:('whois aleenote.com',)]"
"2018-02-04 09:21:20,710 - montor_domain - INFO - [wraps started][param:('whois alinotes.cn',)]"
"2018-02-04 09:21:23,810 - montor_domain - INFO - [wraps started][param:('whois x9m.cn',)]"
"2018-02-04 09:21:24,269 - montor_domain - INFO - [wraps started][param:('whois midoujiang.com',)]"
"2018-02-04 09:21:25,024 - montor_domain - INFO - [wraps started][param:('whois duokan.com',)]"
"2018-02-04 09:21:25,790 - montor_domain - INFO - [wraps started][param:('whois mi-ae.cn',)]"
"2018-02-04 09:21:25,806 - montor_domain - INFO - [not match][domain:mi-ae.cn]"
"2018-02-04 09:21:25,806 - montor_domain - INFO - [wraps started][param:('whois mi-ae.net',)]"
"2018-02-04 09:21:26,581 - montor_domain - INFO - [wraps started][param:('whois zhimi.com',)]"
"2018-02-04 09:21:27,338 - montor_domain - INFO - [wraps started][param:('whois mizhuanqian.com',)]"
"2018-02-04 09:21:28,106 - montor_domain - INFO - [wraps started][param:('whois miot-spec.org',)]"
"2018-02-04 09:21:28,592 - montor_domain - INFO - [wraps started][param:('whois google.com.sg',)]"
"2018-02-04 09:21:28,960 - montor_domain - INFO - [wraps started][param:('whois google.com.hk',)]"
"2018-02-04 09:21:29,117 - montor_domain - INFO - [wraps started][param:('whois google.fr',)]"
"2018-02-04 09:52:55,967 - montor_domain - INFO - lsa"
"2018-02-04 09:54:00,783 - montor_domain - INFO - lsa"
"2018-02-04 09:54:00,785 - montor_domain - INFO - [wraps started][param:('whois bivyy.cn',)]"
"2018-02-04 09:54:04,303 - montor_domain - INFO - [wraps started][param:('whois mi-idc.commiui.com',)]"
"2018-02-04 09:54:05,495 - montor_domain - INFO - [not match][domain:mi-idc.commiui.com]"
"2018-02-04 09:54:05,495 - montor_domain - INFO - [wraps started][param:('whois miliao.com',)]"
"2018-02-04 09:54:06,206 - montor_domain - INFO - [wraps started][param:('whois tjqonline.cn',)]"
"2018-02-04 09:54:06,221 - montor_domain - INFO - [not match][domain:tjqonline.cn]"
"2018-02-04 09:54:06,221 - montor_domain - INFO - [wraps started][param:('whois xiaomi.tw',)]"
"2018-02-04 09:54:06,370 - montor_domain - INFO - [wraps started][param:('whois hada.me',)]"
"2018-02-04 09:54:06,779 - montor_domain - INFO - [wraps started][param:('whois wlimg.cn',)]"
"2018-02-04 09:54:12,137 - montor_domain - INFO - [wraps started][param:('whois aleenote.com',)]"
"2018-02-04 09:54:12,845 - montor_domain - INFO - [wraps started][param:('whois alinotes.cn',)]"
"2018-02-04 09:54:13,762 - montor_domain - INFO - [wraps started][param:('whois x9m.cn',)]"
"2018-02-04 09:54:13,779 - montor_domain - INFO - [not match][domain:x9m.cn]"
"2018-02-04 09:54:13,779 - montor_domain - INFO - [wraps started][param:('whois midoujiang.com',)]"
"2018-02-04 09:54:14,491 - montor_domain - INFO - [wraps started][param:('whois duokan.com',)]"
"2018-02-04 09:54:15,188 - montor_domain - INFO - [wraps started][param:('whois mi-ae.cn',)]"
"2018-02-04 09:54:17,627 - montor_domain - INFO - [wraps started][param:('whois mi-ae.net',)]"
"2018-02-04 09:54:18,347 - montor_domain - INFO - [wraps started][param:('whois zhimi.com',)]"
"2018-02-04 09:54:19,040 - montor_domain - INFO - [wraps started][param:('whois mizhuanqian.com',)]"
"2018-02-04 09:54:19,732 - montor_domain - INFO - [wraps started][param:('whois miot-spec.org',)]"
"2018-02-04 09:54:20,699 - montor_domain - INFO - [wraps started][param:('whois google.com.sg',)]"
"2018-02-04 09:54:21,283 - montor_domain - INFO - [wraps started][param:('whois google.com.hk',)]"
"2018-02-04 09:54:21,457 - montor_domain - INFO - [wraps started][param:('whois google.fr',)]"
"2018-02-04 10:20:01,200 - montor_domain - INFO - lsa"
"2018-02-04 10:20:01,204 - montor_domain - INFO - [wraps started][param:('whois bivyy.cn',)]"
"2018-02-04 10:20:03,465 - montor_domain - INFO - [wraps started][param:('whois mi-idc.commiui.com',)]"
"2018-02-04 10:20:04,585 - montor_domain - INFO - [not match][domain:mi-idc.commiui.com]"
"2018-02-04 10:20:04,585 - montor_domain - INFO - [wraps started][param:('whois miliao.com',)]"
"2018-02-04 10:20:05,237 - montor_domain - INFO - [wraps started][param:('whois tjqonline.cn',)]"
"2018-02-04 10:20:05,253 - montor_domain - INFO - [not match][domain:tjqonline.cn]"
"2018-02-04 10:20:05,253 - montor_domain - INFO - [wraps started][param:('whois xiaomi.tw',)]"
"2018-02-04 10:20:09,285 - montor_domain - INFO - [wraps started][param:('whois hada.me',)]"
"2018-02-04 10:20:09,708 - montor_domain - INFO - [wraps started][param:('whois wlimg.cn',)]"
"2018-02-04 10:20:11,615 - montor_domain - INFO - [wraps started][param:('whois aleenote.com',)]"
"2018-02-04 10:20:12,284 - montor_domain - INFO - [wraps started][param:('whois alinotes.cn',)]"
"2018-02-04 10:20:13,120 - montor_domain - INFO - [wraps started][param:('whois x9m.cn',)]"
"2018-02-04 10:20:15,847 - montor_domain - INFO - [wraps started][param:('whois midoujiang.com',)]"
"2018-02-04 10:20:16,501 - montor_domain - INFO - [wraps started][param:('whois duokan.com',)]"
"2018-02-04 10:20:17,180 - montor_domain - INFO - [wraps started][param:('whois mi-ae.cn',)]"
"2018-02-04 10:20:20,103 - montor_domain - INFO - [wraps started][param:('whois mi-ae.net',)]"
"2018-02-04 10:20:20,794 - montor_domain - INFO - [wraps started][param:('whois zhimi.com',)]"
"2018-02-04 10:20:21,478 - montor_domain - INFO - [wraps started][param:('whois mizhuanqian.com',)]"
"2018-02-04 10:20:22,161 - montor_domain - INFO - [wraps started][param:('whois miot-spec.org',)]"
"2018-02-04 10:20:23,070 - montor_domain - INFO - [wraps started][param:('whois google.com.sg',)]"
"2018-02-04 10:20:23,780 - montor_domain - INFO - [wraps started][param:('whois google.com.hk',)]"
"2018-02-04 10:20:24,161 - montor_domain - INFO - [wraps started][param:('whois google.fr',)]"
